<?xml version="1.0" encoding="UTF-8"?>
<!-- Generated by org.testng.reporters.JUnitXMLReporter -->
<testsuite ignored="0" hostname="KRISH" failures="1" tests="2" name="TestN" time="7.764" errors="0" timestamp="2023-02-03T11:14:21 EST">
  <testcase classname="testLayer.LoginTest" name="Title" time="0.021"/>
  <testcase classname="testLayer.LoginTest" name="Login" time="0.0">
    <failure type="org.testng.TestNGException" message="
Data Provider public java.lang.Object[][] testLayer.LoginTest.Details() returned a null value">
      <![CDATA[org.testng.TestNGException: 
Data Provider public java.lang.Object[][] testLayer.LoginTest.Details() returned a null value
at java.base/java.util.ArrayList.forEach(ArrayList.java:1511)
... Removed 24 stack frames]]>
    </failure>
  </testcase> <!-- Login -->
</testsuite> <!-- TestN -->
